<?xml version="1.0" encoding="UTF-8"?>
<testng-results ignored="0" total="9" passed="9" failed="0" skipped="0">
  <reporter-output>
    <line>
      <![CDATA[✅ Login successful for user: standard_user]]>
    </line>
    <line>
      <![CDATA[✅ TEST PASSED: testValidLogin]]>
    </line>
    <line>
      <![CDATA[✅ User is locked as expected: locked_out_user]]>
    </line>
    <line>
      <![CDATA[✅ TEST PASSED: testValidLogin]]>
    </line>
    <line>
      <![CDATA[✅ Login successful for user: problem_user]]>
    </line>
    <line>
      <![CDATA[✅ TEST PASSED: testValidLogin]]>
    </line>
    <line>
      <![CDATA[✅ Login successful for user: performance_glitch_user]]>
    </line>
    <line>
      <![CDATA[✅ TEST PASSED: testValidLogin]]>
    </line>
    <line>
      <![CDATA[✅ Login successful for user: error_user]]>
    </line>
    <line>
      <![CDATA[✅ TEST PASSED: testValidLogin]]>
    </line>
    <line>
      <![CDATA[✅ Login successful for user: visual_user]]>
    </line>
    <line>
      <![CDATA[✅ TEST PASSED: testValidLogin]]>
    </line>
    <line>
      <![CDATA[✅ Login successful for logout test]]>
    </line>
    <line>
      <![CDATA[✅ Logout successful]]>
    </line>
  </reporter-output>
  <suite started-at="2025-03-22T16:11:48 IST" name="E-Commerce Suite" finished-at="2025-03-22T16:12:33 IST" duration-ms="45827">
    <groups>
    </groups>
    <test started-at="2025-03-22T16:11:48 IST" name="Functional Tests" finished-at="2025-03-22T16:12:33 IST" duration-ms="45827">
      <class name="testcases.LogoutTest">
        <test-method is-config="true" signature="setup()[pri:0, instance:testcases.LogoutTest@77eca502]" started-at="2025-03-22T16:12:29 IST" name="setup" finished-at="2025-03-22T16:12:31 IST" duration-ms="2579" status="PASS">
          <reporter-output>
          </reporter-output>
        </test-method> <!-- setup -->
        <test-method signature="testLogout(java.lang.String,java.lang.String)[pri:0, instance:testcases.LogoutTest@77eca502]" started-at="2025-03-22T16:12:31 IST" name="testLogout" data-provider="loginData" finished-at="2025-03-22T16:12:33 IST" duration-ms="1657" status="PASS">
          <params>
            <param index="0">
              <value>
                <![CDATA[standard_user]]>
              </value>
            </param>
            <param index="1">
              <value>
                <![CDATA[secret_sauce]]>
              </value>
            </param>
          </params>
          <reporter-output>
            <line>
              <![CDATA[✅ Login successful for logout test]]>
            </line>
            <line>
              <![CDATA[✅ Logout successful]]>
            </line>
          </reporter-output>
        </test-method> <!-- testLogout -->
        <test-method is-config="true" signature="tearDown()[pri:0, instance:testcases.LogoutTest@77eca502]" started-at="2025-03-22T16:12:33 IST" name="tearDown" finished-at="2025-03-22T16:12:33 IST" duration-ms="344" status="PASS">
          <reporter-output>
          </reporter-output>
        </test-method> <!-- tearDown -->
      </class> <!-- testcases.LogoutTest -->
      <class name="testcases.CheckoutTest">
        <test-method is-config="true" signature="setUp()[pri:0, instance:testcases.CheckoutTest@3972a855]" started-at="2025-03-22T16:12:25 IST" name="setUp" finished-at="2025-03-22T16:12:27 IST" duration-ms="1978" status="PASS">
          <reporter-output>
          </reporter-output>
        </test-method> <!-- setUp -->
        <test-method signature="testCheckoutWithHardcodedCredentials()[pri:0, instance:testcases.CheckoutTest@3972a855]" started-at="2025-03-22T16:12:27 IST" name="testCheckoutWithHardcodedCredentials" finished-at="2025-03-22T16:12:29 IST" duration-ms="1809" status="PASS">
          <reporter-output>
          </reporter-output>
        </test-method> <!-- testCheckoutWithHardcodedCredentials -->
        <test-method is-config="true" signature="tearDown()[pri:0, instance:testcases.CheckoutTest@3972a855]" started-at="2025-03-22T16:12:29 IST" name="tearDown" finished-at="2025-03-22T16:12:29 IST" duration-ms="303" status="PASS">
          <reporter-output>
          </reporter-output>
        </test-method> <!-- tearDown -->
      </class> <!-- testcases.CheckoutTest -->
      <class name="testcases.AddToCartTest">
        <test-method is-config="true" signature="setup()[pri:0, instance:testcases.AddToCartTest@13b13b5d]" started-at="2025-03-22T16:12:19 IST" name="setup" finished-at="2025-03-22T16:12:21 IST" duration-ms="2012" status="PASS">
          <reporter-output>
          </reporter-output>
        </test-method> <!-- setup -->
        <test-method signature="testAddToCart()[pri:0, instance:testcases.AddToCartTest@13b13b5d]" started-at="2025-03-22T16:12:21 IST" name="testAddToCart" finished-at="2025-03-22T16:12:24 IST" duration-ms="3319" status="PASS">
          <reporter-output>
          </reporter-output>
        </test-method> <!-- testAddToCart -->
        <test-method is-config="true" signature="tearDown()[pri:0, instance:testcases.AddToCartTest@13b13b5d]" started-at="2025-03-22T16:12:24 IST" name="tearDown" finished-at="2025-03-22T16:12:25 IST" duration-ms="348" status="PASS">
          <reporter-output>
          </reporter-output>
        </test-method> <!-- tearDown -->
      </class> <!-- testcases.AddToCartTest -->
      <class name="testcases.LoginTest">
        <test-method is-config="true" signature="setup()[pri:0, instance:testcases.LoginTest@4c39bec8]" started-at="2025-03-22T16:11:50 IST" name="setup" finished-at="2025-03-22T16:11:55 IST" duration-ms="4752" status="PASS">
          <reporter-output>
          </reporter-output>
        </test-method> <!-- setup -->
        <test-method signature="testValidLogin(java.lang.String,java.lang.String)[pri:0, instance:testcases.LoginTest@4c39bec8]" started-at="2025-03-22T16:11:55 IST" name="testValidLogin" data-provider="loginData" finished-at="2025-03-22T16:11:56 IST" duration-ms="781" status="PASS">
          <params>
            <param index="0">
              <value>
                <![CDATA[standard_user]]>
              </value>
            </param>
            <param index="1">
              <value>
                <![CDATA[secret_sauce]]>
              </value>
            </param>
          </params>
          <reporter-output>
            <line>
              <![CDATA[✅ Login successful for user: standard_user]]>
            </line>
          </reporter-output>
        </test-method> <!-- testValidLogin -->
        <test-method is-config="true" signature="captureTestResult(org.testng.ITestResult)[pri:0, instance:testcases.LoginTest@4c39bec8]" started-at="2025-03-22T16:11:56 IST" name="captureTestResult" finished-at="2025-03-22T16:11:56 IST" duration-ms="2" status="PASS">
          <params>
            <param index="0">
              <value>
                <![CDATA[[TestResult name=testValidLogin status=SUCCESS method=LoginTest.testValidLogin(java.lang.String,java.lang.String)[pri:0, instance:testcases.LoginTest@4c39bec8] output=✅ Login successful for user: standard_user]]]>
              </value>
            </param>
          </params>
          <reporter-output>
            <line>
              <![CDATA[✅ TEST PASSED: testValidLogin]]>
            </line>
          </reporter-output>
        </test-method> <!-- captureTestResult -->
        <test-method is-config="true" signature="tearDown()[pri:0, instance:testcases.LoginTest@4c39bec8]" started-at="2025-03-22T16:11:56 IST" name="tearDown" finished-at="2025-03-22T16:11:56 IST" duration-ms="422" status="PASS">
          <reporter-output>
          </reporter-output>
        </test-method> <!-- tearDown -->
        <test-method is-config="true" signature="setup()[pri:0, instance:testcases.LoginTest@4c39bec8]" started-at="2025-03-22T16:11:56 IST" name="setup" finished-at="2025-03-22T16:11:58 IST" duration-ms="1516" status="PASS">
          <reporter-output>
          </reporter-output>
        </test-method> <!-- setup -->
        <test-method signature="testValidLogin(java.lang.String,java.lang.String)[pri:0, instance:testcases.LoginTest@4c39bec8]" started-at="2025-03-22T16:11:58 IST" name="testValidLogin" data-provider="loginData" finished-at="2025-03-22T16:11:59 IST" duration-ms="1691" status="PASS">
          <params>
            <param index="0">
              <value>
                <![CDATA[locked_out_user]]>
              </value>
            </param>
            <param index="1">
              <value>
                <![CDATA[secret_sauce]]>
              </value>
            </param>
          </params>
          <reporter-output>
            <line>
              <![CDATA[✅ User is locked as expected: locked_out_user]]>
            </line>
          </reporter-output>
        </test-method> <!-- testValidLogin -->
        <test-method is-config="true" signature="captureTestResult(org.testng.ITestResult)[pri:0, instance:testcases.LoginTest@4c39bec8]" started-at="2025-03-22T16:11:59 IST" name="captureTestResult" finished-at="2025-03-22T16:11:59 IST" duration-ms="16" status="PASS">
          <params>
            <param index="0">
              <value>
                <![CDATA[[TestResult name=testValidLogin status=SUCCESS method=LoginTest.testValidLogin(java.lang.String,java.lang.String)[pri:0, instance:testcases.LoginTest@4c39bec8] output=✅ User is locked as expected: locked_out_user]]]>
              </value>
            </param>
          </params>
          <reporter-output>
            <line>
              <![CDATA[✅ TEST PASSED: testValidLogin]]>
            </line>
          </reporter-output>
        </test-method> <!-- captureTestResult -->
        <test-method is-config="true" signature="tearDown()[pri:0, instance:testcases.LoginTest@4c39bec8]" started-at="2025-03-22T16:11:59 IST" name="tearDown" finished-at="2025-03-22T16:12:00 IST" duration-ms="332" status="PASS">
          <reporter-output>
          </reporter-output>
        </test-method> <!-- tearDown -->
        <test-method is-config="true" signature="setup()[pri:0, instance:testcases.LoginTest@4c39bec8]" started-at="2025-03-22T16:12:00 IST" name="setup" finished-at="2025-03-22T16:12:02 IST" duration-ms="2472" status="PASS">
          <reporter-output>
          </reporter-output>
        </test-method> <!-- setup -->
        <test-method signature="testValidLogin(java.lang.String,java.lang.String)[pri:0, instance:testcases.LoginTest@4c39bec8]" started-at="2025-03-22T16:12:02 IST" name="testValidLogin" data-provider="loginData" finished-at="2025-03-22T16:12:03 IST" duration-ms="762" status="PASS">
          <params>
            <param index="0">
              <value>
                <![CDATA[problem_user]]>
              </value>
            </param>
            <param index="1">
              <value>
                <![CDATA[secret_sauce]]>
              </value>
            </param>
          </params>
          <reporter-output>
            <line>
              <![CDATA[✅ Login successful for user: problem_user]]>
            </line>
          </reporter-output>
        </test-method> <!-- testValidLogin -->
        <test-method is-config="true" signature="captureTestResult(org.testng.ITestResult)[pri:0, instance:testcases.LoginTest@4c39bec8]" started-at="2025-03-22T16:12:03 IST" name="captureTestResult" finished-at="2025-03-22T16:12:03 IST" duration-ms="1" status="PASS">
          <params>
            <param index="0">
              <value>
                <![CDATA[[TestResult name=testValidLogin status=SUCCESS method=LoginTest.testValidLogin(java.lang.String,java.lang.String)[pri:0, instance:testcases.LoginTest@4c39bec8] output=✅ Login successful for user: problem_user]]]>
              </value>
            </param>
          </params>
          <reporter-output>
            <line>
              <![CDATA[✅ TEST PASSED: testValidLogin]]>
            </line>
          </reporter-output>
        </test-method> <!-- captureTestResult -->
        <test-method is-config="true" signature="tearDown()[pri:0, instance:testcases.LoginTest@4c39bec8]" started-at="2025-03-22T16:12:03 IST" name="tearDown" finished-at="2025-03-22T16:12:03 IST" duration-ms="367" status="PASS">
          <reporter-output>
          </reporter-output>
        </test-method> <!-- tearDown -->
        <test-method is-config="true" signature="setup()[pri:0, instance:testcases.LoginTest@4c39bec8]" started-at="2025-03-22T16:12:03 IST" name="setup" finished-at="2025-03-22T16:12:06 IST" duration-ms="2205" status="PASS">
          <reporter-output>
          </reporter-output>
        </test-method> <!-- setup -->
        <test-method signature="testValidLogin(java.lang.String,java.lang.String)[pri:0, instance:testcases.LoginTest@4c39bec8]" started-at="2025-03-22T16:12:06 IST" name="testValidLogin" data-provider="loginData" finished-at="2025-03-22T16:12:12 IST" duration-ms="5910" status="PASS">
          <params>
            <param index="0">
              <value>
                <![CDATA[performance_glitch_user]]>
              </value>
            </param>
            <param index="1">
              <value>
                <![CDATA[secret_sauce]]>
              </value>
            </param>
          </params>
          <reporter-output>
            <line>
              <![CDATA[✅ Login successful for user: performance_glitch_user]]>
            </line>
          </reporter-output>
        </test-method> <!-- testValidLogin -->
        <test-method is-config="true" signature="captureTestResult(org.testng.ITestResult)[pri:0, instance:testcases.LoginTest@4c39bec8]" started-at="2025-03-22T16:12:12 IST" name="captureTestResult" finished-at="2025-03-22T16:12:12 IST" duration-ms="2" status="PASS">
          <params>
            <param index="0">
              <value>
                <![CDATA[[TestResult name=testValidLogin status=SUCCESS method=LoginTest.testValidLogin(java.lang.String,java.lang.String)[pri:0, instance:testcases.LoginTest@4c39bec8] output=✅ Login successful for user: performance_glitch_user]]]>
              </value>
            </param>
          </params>
          <reporter-output>
            <line>
              <![CDATA[✅ TEST PASSED: testValidLogin]]>
            </line>
          </reporter-output>
        </test-method> <!-- captureTestResult -->
        <test-method is-config="true" signature="tearDown()[pri:0, instance:testcases.LoginTest@4c39bec8]" started-at="2025-03-22T16:12:12 IST" name="tearDown" finished-at="2025-03-22T16:12:12 IST" duration-ms="307" status="PASS">
          <reporter-output>
          </reporter-output>
        </test-method> <!-- tearDown -->
        <test-method is-config="true" signature="setup()[pri:0, instance:testcases.LoginTest@4c39bec8]" started-at="2025-03-22T16:12:12 IST" name="setup" finished-at="2025-03-22T16:12:13 IST" duration-ms="1526" status="PASS">
          <reporter-output>
          </reporter-output>
        </test-method> <!-- setup -->
        <test-method signature="testValidLogin(java.lang.String,java.lang.String)[pri:0, instance:testcases.LoginTest@4c39bec8]" started-at="2025-03-22T16:12:13 IST" name="testValidLogin" data-provider="loginData" finished-at="2025-03-22T16:12:15 IST" duration-ms="2020" status="PASS">
          <params>
            <param index="0">
              <value>
                <![CDATA[error_user]]>
              </value>
            </param>
            <param index="1">
              <value>
                <![CDATA[secret_sauce]]>
              </value>
            </param>
          </params>
          <reporter-output>
            <line>
              <![CDATA[✅ Login successful for user: error_user]]>
            </line>
          </reporter-output>
        </test-method> <!-- testValidLogin -->
        <test-method is-config="true" signature="captureTestResult(org.testng.ITestResult)[pri:0, instance:testcases.LoginTest@4c39bec8]" started-at="2025-03-22T16:12:15 IST" name="captureTestResult" finished-at="2025-03-22T16:12:15 IST" duration-ms="1" status="PASS">
          <params>
            <param index="0">
              <value>
                <![CDATA[[TestResult name=testValidLogin status=SUCCESS method=LoginTest.testValidLogin(java.lang.String,java.lang.String)[pri:0, instance:testcases.LoginTest@4c39bec8] output=✅ Login successful for user: error_user]]]>
              </value>
            </param>
          </params>
          <reporter-output>
            <line>
              <![CDATA[✅ TEST PASSED: testValidLogin]]>
            </line>
          </reporter-output>
        </test-method> <!-- captureTestResult -->
        <test-method is-config="true" signature="tearDown()[pri:0, instance:testcases.LoginTest@4c39bec8]" started-at="2025-03-22T16:12:15 IST" name="tearDown" finished-at="2025-03-22T16:12:16 IST" duration-ms="332" status="PASS">
          <reporter-output>
          </reporter-output>
        </test-method> <!-- tearDown -->
        <test-method is-config="true" signature="setup()[pri:0, instance:testcases.LoginTest@4c39bec8]" started-at="2025-03-22T16:12:16 IST" name="setup" finished-at="2025-03-22T16:12:18 IST" duration-ms="2164" status="PASS">
          <reporter-output>
          </reporter-output>
        </test-method> <!-- setup -->
        <test-method signature="testValidLogin(java.lang.String,java.lang.String)[pri:0, instance:testcases.LoginTest@4c39bec8]" started-at="2025-03-22T16:12:18 IST" name="testValidLogin" data-provider="loginData" finished-at="2025-03-22T16:12:19 IST" duration-ms="784" status="PASS">
          <params>
            <param index="0">
              <value>
                <![CDATA[visual_user]]>
              </value>
            </param>
            <param index="1">
              <value>
                <![CDATA[secret_sauce]]>
              </value>
            </param>
          </params>
          <reporter-output>
            <line>
              <![CDATA[✅ Login successful for user: visual_user]]>
            </line>
          </reporter-output>
        </test-method> <!-- testValidLogin -->
        <test-method is-config="true" signature="captureTestResult(org.testng.ITestResult)[pri:0, instance:testcases.LoginTest@4c39bec8]" started-at="2025-03-22T16:12:19 IST" name="captureTestResult" finished-at="2025-03-22T16:12:19 IST" duration-ms="1" status="PASS">
          <params>
            <param index="0">
              <value>
                <![CDATA[[TestResult name=testValidLogin status=SUCCESS method=LoginTest.testValidLogin(java.lang.String,java.lang.String)[pri:0, instance:testcases.LoginTest@4c39bec8] output=✅ Login successful for user: visual_user]]]>
              </value>
            </param>
          </params>
          <reporter-output>
            <line>
              <![CDATA[✅ TEST PASSED: testValidLogin]]>
            </line>
          </reporter-output>
        </test-method> <!-- captureTestResult -->
        <test-method is-config="true" signature="tearDown()[pri:0, instance:testcases.LoginTest@4c39bec8]" started-at="2025-03-22T16:12:19 IST" name="tearDown" finished-at="2025-03-22T16:12:19 IST" duration-ms="344" status="PASS">
          <reporter-output>
          </reporter-output>
        </test-method> <!-- tearDown -->
      </class> <!-- testcases.LoginTest -->
    </test> <!-- Functional Tests -->
  </suite> <!-- E-Commerce Suite -->
</testng-results>
