<?xml version="1.0" encoding="UTF-8"?>
<testng-results ignored="0" total="10" passed="10" failed="0" skipped="0">
  <reporter-output>
    <line>
      <![CDATA[✅ Login successful for user: standard_user]]>
    </line>
    <line>
      <![CDATA[✅ TEST PASSED: testValidLogin]]>
    </line>
    <line>
      <![CDATA[✅ User is locked as expected: locked_out_user]]>
    </line>
    <line>
      <![CDATA[✅ TEST PASSED: testValidLogin]]>
    </line>
    <line>
      <![CDATA[✅ Login successful for user: problem_user]]>
    </line>
    <line>
      <![CDATA[✅ TEST PASSED: testValidLogin]]>
    </line>
    <line>
      <![CDATA[✅ Login successful for user: performance_glitch_user]]>
    </line>
    <line>
      <![CDATA[✅ TEST PASSED: testValidLogin]]>
    </line>
    <line>
      <![CDATA[✅ Login successful for user: error_user]]>
    </line>
    <line>
      <![CDATA[✅ TEST PASSED: testValidLogin]]>
    </line>
    <line>
      <![CDATA[✅ Login successful for user: visual_user]]>
    </line>
    <line>
      <![CDATA[✅ TEST PASSED: testValidLogin]]>
    </line>
    <line>
      <![CDATA[✅ Login successful for logout test]]>
    </line>
    <line>
      <![CDATA[✅ Logout successful]]>
    </line>
  </reporter-output>
  <suite started-at="2025-04-19T15:24:39 IST" name="E-Commerce Suite" finished-at="2025-04-19T15:26:50 IST" duration-ms="131060">
    <groups>
    </groups>
    <test started-at="2025-04-19T15:24:39 IST" name="Functional Tests" finished-at="2025-04-19T15:26:50 IST" duration-ms="131060">
      <class name="testcases.LogoutTest">
        <test-method is-config="true" signature="setup()[pri:0, instance:testcases.LogoutTest@55536d9e]" started-at="2025-04-19T15:26:41 IST" name="setup" finished-at="2025-04-19T15:26:45 IST" duration-ms="4074" status="PASS">
          <reporter-output>
          </reporter-output>
        </test-method> <!-- setup -->
        <test-method signature="testLogout(java.lang.String,java.lang.String)[pri:0, instance:testcases.LogoutTest@55536d9e]" started-at="2025-04-19T15:26:45 IST" name="testLogout" data-provider="loginData" finished-at="2025-04-19T15:26:48 IST" duration-ms="2463" status="PASS">
          <params>
            <param index="0">
              <value>
                <![CDATA[standard_user]]>
              </value>
            </param>
            <param index="1">
              <value>
                <![CDATA[secret_sauce]]>
              </value>
            </param>
          </params>
          <reporter-output>
            <line>
              <![CDATA[✅ Login successful for logout test]]>
            </line>
            <line>
              <![CDATA[✅ Logout successful]]>
            </line>
          </reporter-output>
        </test-method> <!-- testLogout -->
        <test-method is-config="true" signature="tearDown()[pri:0, instance:testcases.LogoutTest@55536d9e]" started-at="2025-04-19T15:26:48 IST" name="tearDown" finished-at="2025-04-19T15:26:50 IST" duration-ms="2190" status="PASS">
          <reporter-output>
          </reporter-output>
        </test-method> <!-- tearDown -->
      </class> <!-- testcases.LogoutTest -->
      <class name="testcases.AddMultipleItemsTest">
        <test-method is-config="true" signature="setup()[pri:0, instance:testcases.AddMultipleItemsTest@503d687a]" started-at="2025-04-19T15:26:07 IST" name="setup" finished-at="2025-04-19T15:26:14 IST" duration-ms="7070" status="PASS">
          <reporter-output>
          </reporter-output>
        </test-method> <!-- setup -->
        <test-method signature="testAddFourItemsToCart()[pri:0, instance:testcases.AddMultipleItemsTest@503d687a]" started-at="2025-04-19T15:26:14 IST" name="testAddFourItemsToCart" finished-at="2025-04-19T15:26:19 IST" duration-ms="5357" status="PASS">
          <reporter-output>
          </reporter-output>
        </test-method> <!-- testAddFourItemsToCart -->
        <test-method is-config="true" signature="tearDown()[pri:0, instance:testcases.AddMultipleItemsTest@503d687a]" started-at="2025-04-19T15:26:19 IST" name="tearDown" finished-at="2025-04-19T15:26:27 IST" duration-ms="7664" status="PASS">
          <reporter-output>
          </reporter-output>
        </test-method> <!-- tearDown -->
      </class> <!-- testcases.AddMultipleItemsTest -->
      <class name="testcases.CheckoutTest">
        <test-method is-config="true" signature="setUp()[pri:0, instance:testcases.CheckoutTest@2e222612]" started-at="2025-04-19T15:26:27 IST" name="setUp" finished-at="2025-04-19T15:26:32 IST" duration-ms="5227" status="PASS">
          <reporter-output>
          </reporter-output>
        </test-method> <!-- setUp -->
        <test-method signature="testCheckoutWithHardcodedCredentials()[pri:0, instance:testcases.CheckoutTest@2e222612]" started-at="2025-04-19T15:26:32 IST" name="testCheckoutWithHardcodedCredentials" finished-at="2025-04-19T15:26:38 IST" duration-ms="5361" status="PASS">
          <reporter-output>
          </reporter-output>
        </test-method> <!-- testCheckoutWithHardcodedCredentials -->
        <test-method is-config="true" signature="tearDown()[pri:0, instance:testcases.CheckoutTest@2e222612]" started-at="2025-04-19T15:26:38 IST" name="tearDown" finished-at="2025-04-19T15:26:41 IST" duration-ms="3102" status="PASS">
          <reporter-output>
          </reporter-output>
        </test-method> <!-- tearDown -->
      </class> <!-- testcases.CheckoutTest -->
      <class name="testcases.AddToCartTest">
        <test-method is-config="true" signature="setup()[pri:0, instance:testcases.AddToCartTest@355ce81c]" started-at="2025-04-19T15:25:53 IST" name="setup" finished-at="2025-04-19T15:25:56 IST" duration-ms="3356" status="PASS">
          <reporter-output>
          </reporter-output>
        </test-method> <!-- setup -->
        <test-method signature="testAddToCart()[pri:0, instance:testcases.AddToCartTest@355ce81c]" started-at="2025-04-19T15:25:56 IST" name="testAddToCart" finished-at="2025-04-19T15:26:05 IST" duration-ms="8994" status="PASS">
          <reporter-output>
          </reporter-output>
        </test-method> <!-- testAddToCart -->
        <test-method is-config="true" signature="tearDown()[pri:0, instance:testcases.AddToCartTest@355ce81c]" started-at="2025-04-19T15:26:05 IST" name="tearDown" finished-at="2025-04-19T15:26:07 IST" duration-ms="1993" status="PASS">
          <reporter-output>
          </reporter-output>
        </test-method> <!-- tearDown -->
      </class> <!-- testcases.AddToCartTest -->
      <class name="testcases.LoginTest">
        <test-method is-config="true" signature="setup()[pri:0, instance:testcases.LoginTest@7ee8290b]" started-at="2025-04-19T15:24:42 IST" name="setup" finished-at="2025-04-19T15:24:57 IST" duration-ms="14910" status="PASS">
          <reporter-output>
          </reporter-output>
        </test-method> <!-- setup -->
        <test-method signature="testValidLogin(java.lang.String,java.lang.String)[pri:0, instance:testcases.LoginTest@7ee8290b]" started-at="2025-04-19T15:24:57 IST" name="testValidLogin" data-provider="loginData" finished-at="2025-04-19T15:24:59 IST" duration-ms="1843" status="PASS">
          <params>
            <param index="0">
              <value>
                <![CDATA[standard_user]]>
              </value>
            </param>
            <param index="1">
              <value>
                <![CDATA[secret_sauce]]>
              </value>
            </param>
          </params>
          <reporter-output>
            <line>
              <![CDATA[✅ Login successful for user: standard_user]]>
            </line>
          </reporter-output>
        </test-method> <!-- testValidLogin -->
        <test-method is-config="true" signature="captureTestResult(org.testng.ITestResult)[pri:0, instance:testcases.LoginTest@7ee8290b]" started-at="2025-04-19T15:24:59 IST" name="captureTestResult" finished-at="2025-04-19T15:24:59 IST" duration-ms="17" status="PASS">
          <params>
            <param index="0">
              <value>
                <![CDATA[[TestResult name=testValidLogin status=SUCCESS method=LoginTest.testValidLogin(java.lang.String,java.lang.String)[pri:0, instance:testcases.LoginTest@7ee8290b] output=✅ Login successful for user: standard_user]]]>
              </value>
            </param>
          </params>
          <reporter-output>
            <line>
              <![CDATA[✅ TEST PASSED: testValidLogin]]>
            </line>
          </reporter-output>
        </test-method> <!-- captureTestResult -->
        <test-method is-config="true" signature="tearDown()[pri:0, instance:testcases.LoginTest@7ee8290b]" started-at="2025-04-19T15:24:59 IST" name="tearDown" finished-at="2025-04-19T15:25:03 IST" duration-ms="4385" status="PASS">
          <reporter-output>
          </reporter-output>
        </test-method> <!-- tearDown -->
        <test-method is-config="true" signature="setup()[pri:0, instance:testcases.LoginTest@7ee8290b]" started-at="2025-04-19T15:25:03 IST" name="setup" finished-at="2025-04-19T15:25:08 IST" duration-ms="4381" status="PASS">
          <reporter-output>
          </reporter-output>
        </test-method> <!-- setup -->
        <test-method signature="testValidLogin(java.lang.String,java.lang.String)[pri:0, instance:testcases.LoginTest@7ee8290b]" started-at="2025-04-19T15:25:08 IST" name="testValidLogin" data-provider="loginData" finished-at="2025-04-19T15:25:10 IST" duration-ms="2374" status="PASS">
          <params>
            <param index="0">
              <value>
                <![CDATA[locked_out_user]]>
              </value>
            </param>
            <param index="1">
              <value>
                <![CDATA[secret_sauce]]>
              </value>
            </param>
          </params>
          <reporter-output>
            <line>
              <![CDATA[✅ User is locked as expected: locked_out_user]]>
            </line>
          </reporter-output>
        </test-method> <!-- testValidLogin -->
        <test-method is-config="true" signature="captureTestResult(org.testng.ITestResult)[pri:0, instance:testcases.LoginTest@7ee8290b]" started-at="2025-04-19T15:25:10 IST" name="captureTestResult" finished-at="2025-04-19T15:25:10 IST" duration-ms="2" status="PASS">
          <params>
            <param index="0">
              <value>
                <![CDATA[[TestResult name=testValidLogin status=SUCCESS method=LoginTest.testValidLogin(java.lang.String,java.lang.String)[pri:0, instance:testcases.LoginTest@7ee8290b] output=✅ User is locked as expected: locked_out_user]]]>
              </value>
            </param>
          </params>
          <reporter-output>
            <line>
              <![CDATA[✅ TEST PASSED: testValidLogin]]>
            </line>
          </reporter-output>
        </test-method> <!-- captureTestResult -->
        <test-method is-config="true" signature="tearDown()[pri:0, instance:testcases.LoginTest@7ee8290b]" started-at="2025-04-19T15:25:10 IST" name="tearDown" finished-at="2025-04-19T15:25:12 IST" duration-ms="1550" status="PASS">
          <reporter-output>
          </reporter-output>
        </test-method> <!-- tearDown -->
        <test-method is-config="true" signature="setup()[pri:0, instance:testcases.LoginTest@7ee8290b]" started-at="2025-04-19T15:25:12 IST" name="setup" finished-at="2025-04-19T15:25:15 IST" duration-ms="3205" status="PASS">
          <reporter-output>
          </reporter-output>
        </test-method> <!-- setup -->
        <test-method signature="testValidLogin(java.lang.String,java.lang.String)[pri:0, instance:testcases.LoginTest@7ee8290b]" started-at="2025-04-19T15:25:15 IST" name="testValidLogin" data-provider="loginData" finished-at="2025-04-19T15:25:18 IST" duration-ms="2895" status="PASS">
          <params>
            <param index="0">
              <value>
                <![CDATA[problem_user]]>
              </value>
            </param>
            <param index="1">
              <value>
                <![CDATA[secret_sauce]]>
              </value>
            </param>
          </params>
          <reporter-output>
            <line>
              <![CDATA[✅ Login successful for user: problem_user]]>
            </line>
          </reporter-output>
        </test-method> <!-- testValidLogin -->
        <test-method is-config="true" signature="captureTestResult(org.testng.ITestResult)[pri:0, instance:testcases.LoginTest@7ee8290b]" started-at="2025-04-19T15:25:18 IST" name="captureTestResult" finished-at="2025-04-19T15:25:18 IST" duration-ms="2" status="PASS">
          <params>
            <param index="0">
              <value>
                <![CDATA[[TestResult name=testValidLogin status=SUCCESS method=LoginTest.testValidLogin(java.lang.String,java.lang.String)[pri:0, instance:testcases.LoginTest@7ee8290b] output=✅ Login successful for user: problem_user]]]>
              </value>
            </param>
          </params>
          <reporter-output>
            <line>
              <![CDATA[✅ TEST PASSED: testValidLogin]]>
            </line>
          </reporter-output>
        </test-method> <!-- captureTestResult -->
        <test-method is-config="true" signature="tearDown()[pri:0, instance:testcases.LoginTest@7ee8290b]" started-at="2025-04-19T15:25:18 IST" name="tearDown" finished-at="2025-04-19T15:25:19 IST" duration-ms="1499" status="PASS">
          <reporter-output>
          </reporter-output>
        </test-method> <!-- tearDown -->
        <test-method is-config="true" signature="setup()[pri:0, instance:testcases.LoginTest@7ee8290b]" started-at="2025-04-19T15:25:19 IST" name="setup" finished-at="2025-04-19T15:25:23 IST" duration-ms="3818" status="PASS">
          <reporter-output>
          </reporter-output>
        </test-method> <!-- setup -->
        <test-method signature="testValidLogin(java.lang.String,java.lang.String)[pri:0, instance:testcases.LoginTest@7ee8290b]" started-at="2025-04-19T15:25:23 IST" name="testValidLogin" data-provider="loginData" finished-at="2025-04-19T15:25:30 IST" duration-ms="6582" status="PASS">
          <params>
            <param index="0">
              <value>
                <![CDATA[performance_glitch_user]]>
              </value>
            </param>
            <param index="1">
              <value>
                <![CDATA[secret_sauce]]>
              </value>
            </param>
          </params>
          <reporter-output>
            <line>
              <![CDATA[✅ Login successful for user: performance_glitch_user]]>
            </line>
          </reporter-output>
        </test-method> <!-- testValidLogin -->
        <test-method is-config="true" signature="captureTestResult(org.testng.ITestResult)[pri:0, instance:testcases.LoginTest@7ee8290b]" started-at="2025-04-19T15:25:30 IST" name="captureTestResult" finished-at="2025-04-19T15:25:30 IST" duration-ms="10" status="PASS">
          <params>
            <param index="0">
              <value>
                <![CDATA[[TestResult name=testValidLogin status=SUCCESS method=LoginTest.testValidLogin(java.lang.String,java.lang.String)[pri:0, instance:testcases.LoginTest@7ee8290b] output=✅ Login successful for user: performance_glitch_user]]]>
              </value>
            </param>
          </params>
          <reporter-output>
            <line>
              <![CDATA[✅ TEST PASSED: testValidLogin]]>
            </line>
          </reporter-output>
        </test-method> <!-- captureTestResult -->
        <test-method is-config="true" signature="tearDown()[pri:0, instance:testcases.LoginTest@7ee8290b]" started-at="2025-04-19T15:25:30 IST" name="tearDown" finished-at="2025-04-19T15:25:31 IST" duration-ms="1246" status="PASS">
          <reporter-output>
          </reporter-output>
        </test-method> <!-- tearDown -->
        <test-method is-config="true" signature="setup()[pri:0, instance:testcases.LoginTest@7ee8290b]" started-at="2025-04-19T15:25:31 IST" name="setup" finished-at="2025-04-19T15:25:34 IST" duration-ms="3518" status="PASS">
          <reporter-output>
          </reporter-output>
        </test-method> <!-- setup -->
        <test-method signature="testValidLogin(java.lang.String,java.lang.String)[pri:0, instance:testcases.LoginTest@7ee8290b]" started-at="2025-04-19T15:25:34 IST" name="testValidLogin" data-provider="loginData" finished-at="2025-04-19T15:25:37 IST" duration-ms="2498" status="PASS">
          <params>
            <param index="0">
              <value>
                <![CDATA[error_user]]>
              </value>
            </param>
            <param index="1">
              <value>
                <![CDATA[secret_sauce]]>
              </value>
            </param>
          </params>
          <reporter-output>
            <line>
              <![CDATA[✅ Login successful for user: error_user]]>
            </line>
          </reporter-output>
        </test-method> <!-- testValidLogin -->
        <test-method is-config="true" signature="captureTestResult(org.testng.ITestResult)[pri:0, instance:testcases.LoginTest@7ee8290b]" started-at="2025-04-19T15:25:37 IST" name="captureTestResult" finished-at="2025-04-19T15:25:37 IST" duration-ms="2" status="PASS">
          <params>
            <param index="0">
              <value>
                <![CDATA[[TestResult name=testValidLogin status=SUCCESS method=LoginTest.testValidLogin(java.lang.String,java.lang.String)[pri:0, instance:testcases.LoginTest@7ee8290b] output=✅ Login successful for user: error_user]]]>
              </value>
            </param>
          </params>
          <reporter-output>
            <line>
              <![CDATA[✅ TEST PASSED: testValidLogin]]>
            </line>
          </reporter-output>
        </test-method> <!-- captureTestResult -->
        <test-method is-config="true" signature="tearDown()[pri:0, instance:testcases.LoginTest@7ee8290b]" started-at="2025-04-19T15:25:37 IST" name="tearDown" finished-at="2025-04-19T15:25:41 IST" duration-ms="3669" status="PASS">
          <reporter-output>
          </reporter-output>
        </test-method> <!-- tearDown -->
        <test-method is-config="true" signature="setup()[pri:0, instance:testcases.LoginTest@7ee8290b]" started-at="2025-04-19T15:25:41 IST" name="setup" finished-at="2025-04-19T15:25:45 IST" duration-ms="4858" status="PASS">
          <reporter-output>
          </reporter-output>
        </test-method> <!-- setup -->
        <test-method signature="testValidLogin(java.lang.String,java.lang.String)[pri:0, instance:testcases.LoginTest@7ee8290b]" started-at="2025-04-19T15:25:45 IST" name="testValidLogin" data-provider="loginData" finished-at="2025-04-19T15:25:49 IST" duration-ms="3250" status="PASS">
          <params>
            <param index="0">
              <value>
                <![CDATA[visual_user]]>
              </value>
            </param>
            <param index="1">
              <value>
                <![CDATA[secret_sauce]]>
              </value>
            </param>
          </params>
          <reporter-output>
            <line>
              <![CDATA[✅ Login successful for user: visual_user]]>
            </line>
          </reporter-output>
        </test-method> <!-- testValidLogin -->
        <test-method is-config="true" signature="captureTestResult(org.testng.ITestResult)[pri:0, instance:testcases.LoginTest@7ee8290b]" started-at="2025-04-19T15:25:49 IST" name="captureTestResult" finished-at="2025-04-19T15:25:49 IST" duration-ms="4" status="PASS">
          <params>
            <param index="0">
              <value>
                <![CDATA[[TestResult name=testValidLogin status=SUCCESS method=LoginTest.testValidLogin(java.lang.String,java.lang.String)[pri:0, instance:testcases.LoginTest@7ee8290b] output=✅ Login successful for user: visual_user]]]>
              </value>
            </param>
          </params>
          <reporter-output>
            <line>
              <![CDATA[✅ TEST PASSED: testValidLogin]]>
            </line>
          </reporter-output>
        </test-method> <!-- captureTestResult -->
        <test-method is-config="true" signature="tearDown()[pri:0, instance:testcases.LoginTest@7ee8290b]" started-at="2025-04-19T15:25:49 IST" name="tearDown" finished-at="2025-04-19T15:25:53 IST" duration-ms="3887" status="PASS">
          <reporter-output>
          </reporter-output>
        </test-method> <!-- tearDown -->
      </class> <!-- testcases.LoginTest -->
    </test> <!-- Functional Tests -->
  </suite> <!-- E-Commerce Suite -->
</testng-results>
