<?xml version="1.0" encoding="UTF-8"?>
<testng-results ignored="0" total="10" passed="10" failed="0" skipped="0">
  <reporter-output>
    <line>
      <![CDATA[✅ Login successful for user: standard_user]]>
    </line>
    <line>
      <![CDATA[✅ TEST PASSED: testValidLogin]]>
    </line>
    <line>
      <![CDATA[✅ User is locked as expected: locked_out_user]]>
    </line>
    <line>
      <![CDATA[✅ TEST PASSED: testValidLogin]]>
    </line>
    <line>
      <![CDATA[✅ Login successful for user: problem_user]]>
    </line>
    <line>
      <![CDATA[✅ TEST PASSED: testValidLogin]]>
    </line>
    <line>
      <![CDATA[✅ Login successful for user: performance_glitch_user]]>
    </line>
    <line>
      <![CDATA[✅ TEST PASSED: testValidLogin]]>
    </line>
    <line>
      <![CDATA[✅ Login successful for user: error_user]]>
    </line>
    <line>
      <![CDATA[✅ TEST PASSED: testValidLogin]]>
    </line>
    <line>
      <![CDATA[✅ Login successful for user: visual_user]]>
    </line>
    <line>
      <![CDATA[✅ TEST PASSED: testValidLogin]]>
    </line>
    <line>
      <![CDATA[✅ Login successful for logout test]]>
    </line>
    <line>
      <![CDATA[✅ Logout successful]]>
    </line>
  </reporter-output>
  <suite started-at="2025-04-19T15:53:33 IST" name="E-Commerce Suite" finished-at="2025-04-19T15:54:46 IST" duration-ms="72726">
    <groups>
    </groups>
    <test started-at="2025-04-19T15:53:33 IST" name="Functional Tests" finished-at="2025-04-19T15:54:46 IST" duration-ms="72726">
      <class name="testcases.LogoutTest">
        <test-method is-config="true" signature="setup()[pri:0, instance:testcases.LogoutTest@3d1cfad4]" started-at="2025-04-19T15:54:36 IST" name="setup" finished-at="2025-04-19T15:54:39 IST" duration-ms="3421" status="PASS">
          <reporter-output>
          </reporter-output>
        </test-method> <!-- setup -->
        <test-method signature="testLogout(java.lang.String,java.lang.String)[pri:0, instance:testcases.LogoutTest@3d1cfad4]" started-at="2025-04-19T15:54:39 IST" name="testLogout" data-provider="loginData" finished-at="2025-04-19T15:54:44 IST" duration-ms="4818" status="PASS">
          <params>
            <param index="0">
              <value>
                <![CDATA[standard_user]]>
              </value>
            </param>
            <param index="1">
              <value>
                <![CDATA[secret_sauce]]>
              </value>
            </param>
          </params>
          <reporter-output>
            <line>
              <![CDATA[✅ Login successful for logout test]]>
            </line>
            <line>
              <![CDATA[✅ Logout successful]]>
            </line>
          </reporter-output>
        </test-method> <!-- testLogout -->
        <test-method is-config="true" signature="tearDown()[pri:0, instance:testcases.LogoutTest@3d1cfad4]" started-at="2025-04-19T15:54:44 IST" name="tearDown" finished-at="2025-04-19T15:54:46 IST" duration-ms="1908" status="PASS">
          <reporter-output>
          </reporter-output>
        </test-method> <!-- tearDown -->
      </class> <!-- testcases.LogoutTest -->
      <class name="testcases.AddMultipleItemsTest">
        <test-method is-config="true" signature="setup()[pri:0, instance:testcases.AddMultipleItemsTest@2abf4075]" started-at="2025-04-19T15:54:22 IST" name="setup" finished-at="2025-04-19T15:54:25 IST" duration-ms="3188" status="PASS">
          <reporter-output>
          </reporter-output>
        </test-method> <!-- setup -->
        <test-method signature="testAddFourItemsToCart()[pri:0, instance:testcases.AddMultipleItemsTest@2abf4075]" started-at="2025-04-19T15:54:25 IST" name="testAddFourItemsToCart" finished-at="2025-04-19T15:54:27 IST" duration-ms="1768" status="PASS">
          <reporter-output>
          </reporter-output>
        </test-method> <!-- testAddFourItemsToCart -->
        <test-method is-config="true" signature="tearDown()[pri:0, instance:testcases.AddMultipleItemsTest@2abf4075]" started-at="2025-04-19T15:54:27 IST" name="tearDown" finished-at="2025-04-19T15:54:27 IST" duration-ms="552" status="PASS">
          <reporter-output>
          </reporter-output>
        </test-method> <!-- tearDown -->
      </class> <!-- testcases.AddMultipleItemsTest -->
      <class name="testcases.CheckoutTest">
        <test-method is-config="true" signature="setUp()[pri:0, instance:testcases.CheckoutTest@73ee04c8]" started-at="2025-04-19T15:54:27 IST" name="setUp" finished-at="2025-04-19T15:54:33 IST" duration-ms="5668" status="PASS">
          <reporter-output>
          </reporter-output>
        </test-method> <!-- setUp -->
        <test-method signature="testCheckoutWithHardcodedCredentials()[pri:0, instance:testcases.CheckoutTest@73ee04c8]" started-at="2025-04-19T15:54:33 IST" name="testCheckoutWithHardcodedCredentials" finished-at="2025-04-19T15:54:35 IST" duration-ms="2130" status="PASS">
          <reporter-output>
          </reporter-output>
        </test-method> <!-- testCheckoutWithHardcodedCredentials -->
        <test-method is-config="true" signature="tearDown()[pri:0, instance:testcases.CheckoutTest@73ee04c8]" started-at="2025-04-19T15:54:35 IST" name="tearDown" finished-at="2025-04-19T15:54:36 IST" duration-ms="514" status="PASS">
          <reporter-output>
          </reporter-output>
        </test-method> <!-- tearDown -->
      </class> <!-- testcases.CheckoutTest -->
      <class name="testcases.AddToCartTest">
        <test-method is-config="true" signature="setup()[pri:0, instance:testcases.AddToCartTest@3315d2d7]" started-at="2025-04-19T15:54:13 IST" name="setup" finished-at="2025-04-19T15:54:17 IST" duration-ms="4016" status="PASS">
          <reporter-output>
          </reporter-output>
        </test-method> <!-- setup -->
        <test-method signature="testAddToCart()[pri:0, instance:testcases.AddToCartTest@3315d2d7]" started-at="2025-04-19T15:54:17 IST" name="testAddToCart" finished-at="2025-04-19T15:54:21 IST" duration-ms="4121" status="PASS">
          <reporter-output>
          </reporter-output>
        </test-method> <!-- testAddToCart -->
        <test-method is-config="true" signature="tearDown()[pri:0, instance:testcases.AddToCartTest@3315d2d7]" started-at="2025-04-19T15:54:21 IST" name="tearDown" finished-at="2025-04-19T15:54:22 IST" duration-ms="635" status="PASS">
          <reporter-output>
          </reporter-output>
        </test-method> <!-- tearDown -->
      </class> <!-- testcases.AddToCartTest -->
      <class name="testcases.LoginTest">
        <test-method is-config="true" signature="setup()[pri:0, instance:testcases.LoginTest@7ee8290b]" started-at="2025-04-19T15:53:37 IST" name="setup" finished-at="2025-04-19T15:53:43 IST" duration-ms="5986" status="PASS">
          <reporter-output>
          </reporter-output>
        </test-method> <!-- setup -->
        <test-method signature="testValidLogin(java.lang.String,java.lang.String)[pri:0, instance:testcases.LoginTest@7ee8290b]" started-at="2025-04-19T15:53:43 IST" name="testValidLogin" data-provider="loginData" finished-at="2025-04-19T15:53:44 IST" duration-ms="1066" status="PASS">
          <params>
            <param index="0">
              <value>
                <![CDATA[standard_user]]>
              </value>
            </param>
            <param index="1">
              <value>
                <![CDATA[secret_sauce]]>
              </value>
            </param>
          </params>
          <reporter-output>
            <line>
              <![CDATA[✅ Login successful for user: standard_user]]>
            </line>
          </reporter-output>
        </test-method> <!-- testValidLogin -->
        <test-method is-config="true" signature="captureTestResult(org.testng.ITestResult)[pri:0, instance:testcases.LoginTest@7ee8290b]" started-at="2025-04-19T15:53:44 IST" name="captureTestResult" finished-at="2025-04-19T15:53:44 IST" duration-ms="12" status="PASS">
          <params>
            <param index="0">
              <value>
                <![CDATA[[TestResult name=testValidLogin status=SUCCESS method=LoginTest.testValidLogin(java.lang.String,java.lang.String)[pri:0, instance:testcases.LoginTest@7ee8290b] output=✅ Login successful for user: standard_user]]]>
              </value>
            </param>
          </params>
          <reporter-output>
            <line>
              <![CDATA[✅ TEST PASSED: testValidLogin]]>
            </line>
          </reporter-output>
        </test-method> <!-- captureTestResult -->
        <test-method is-config="true" signature="tearDown()[pri:0, instance:testcases.LoginTest@7ee8290b]" started-at="2025-04-19T15:53:44 IST" name="tearDown" finished-at="2025-04-19T15:53:44 IST" duration-ms="598" status="PASS">
          <reporter-output>
          </reporter-output>
        </test-method> <!-- tearDown -->
        <test-method is-config="true" signature="setup()[pri:0, instance:testcases.LoginTest@7ee8290b]" started-at="2025-04-19T15:53:44 IST" name="setup" finished-at="2025-04-19T15:53:48 IST" duration-ms="3832" status="PASS">
          <reporter-output>
          </reporter-output>
        </test-method> <!-- setup -->
        <test-method signature="testValidLogin(java.lang.String,java.lang.String)[pri:0, instance:testcases.LoginTest@7ee8290b]" started-at="2025-04-19T15:53:48 IST" name="testValidLogin" data-provider="loginData" finished-at="2025-04-19T15:53:49 IST" duration-ms="1056" status="PASS">
          <params>
            <param index="0">
              <value>
                <![CDATA[locked_out_user]]>
              </value>
            </param>
            <param index="1">
              <value>
                <![CDATA[secret_sauce]]>
              </value>
            </param>
          </params>
          <reporter-output>
            <line>
              <![CDATA[✅ User is locked as expected: locked_out_user]]>
            </line>
          </reporter-output>
        </test-method> <!-- testValidLogin -->
        <test-method is-config="true" signature="captureTestResult(org.testng.ITestResult)[pri:0, instance:testcases.LoginTest@7ee8290b]" started-at="2025-04-19T15:53:49 IST" name="captureTestResult" finished-at="2025-04-19T15:53:49 IST" duration-ms="2" status="PASS">
          <params>
            <param index="0">
              <value>
                <![CDATA[[TestResult name=testValidLogin status=SUCCESS method=LoginTest.testValidLogin(java.lang.String,java.lang.String)[pri:0, instance:testcases.LoginTest@7ee8290b] output=✅ User is locked as expected: locked_out_user]]]>
              </value>
            </param>
          </params>
          <reporter-output>
            <line>
              <![CDATA[✅ TEST PASSED: testValidLogin]]>
            </line>
          </reporter-output>
        </test-method> <!-- captureTestResult -->
        <test-method is-config="true" signature="tearDown()[pri:0, instance:testcases.LoginTest@7ee8290b]" started-at="2025-04-19T15:53:49 IST" name="tearDown" finished-at="2025-04-19T15:53:50 IST" duration-ms="550" status="PASS">
          <reporter-output>
          </reporter-output>
        </test-method> <!-- tearDown -->
        <test-method is-config="true" signature="setup()[pri:0, instance:testcases.LoginTest@7ee8290b]" started-at="2025-04-19T15:53:50 IST" name="setup" finished-at="2025-04-19T15:53:52 IST" duration-ms="1715" status="PASS">
          <reporter-output>
          </reporter-output>
        </test-method> <!-- setup -->
        <test-method signature="testValidLogin(java.lang.String,java.lang.String)[pri:0, instance:testcases.LoginTest@7ee8290b]" started-at="2025-04-19T15:53:52 IST" name="testValidLogin" data-provider="loginData" finished-at="2025-04-19T15:53:54 IST" duration-ms="2071" status="PASS">
          <params>
            <param index="0">
              <value>
                <![CDATA[problem_user]]>
              </value>
            </param>
            <param index="1">
              <value>
                <![CDATA[secret_sauce]]>
              </value>
            </param>
          </params>
          <reporter-output>
            <line>
              <![CDATA[✅ Login successful for user: problem_user]]>
            </line>
          </reporter-output>
        </test-method> <!-- testValidLogin -->
        <test-method is-config="true" signature="captureTestResult(org.testng.ITestResult)[pri:0, instance:testcases.LoginTest@7ee8290b]" started-at="2025-04-19T15:53:54 IST" name="captureTestResult" finished-at="2025-04-19T15:53:54 IST" duration-ms="4" status="PASS">
          <params>
            <param index="0">
              <value>
                <![CDATA[[TestResult name=testValidLogin status=SUCCESS method=LoginTest.testValidLogin(java.lang.String,java.lang.String)[pri:0, instance:testcases.LoginTest@7ee8290b] output=✅ Login successful for user: problem_user]]]>
              </value>
            </param>
          </params>
          <reporter-output>
            <line>
              <![CDATA[✅ TEST PASSED: testValidLogin]]>
            </line>
          </reporter-output>
        </test-method> <!-- captureTestResult -->
        <test-method is-config="true" signature="tearDown()[pri:0, instance:testcases.LoginTest@7ee8290b]" started-at="2025-04-19T15:53:54 IST" name="tearDown" finished-at="2025-04-19T15:53:54 IST" duration-ms="435" status="PASS">
          <reporter-output>
          </reporter-output>
        </test-method> <!-- tearDown -->
        <test-method is-config="true" signature="setup()[pri:0, instance:testcases.LoginTest@7ee8290b]" started-at="2025-04-19T15:53:54 IST" name="setup" finished-at="2025-04-19T15:53:58 IST" duration-ms="3467" status="PASS">
          <reporter-output>
          </reporter-output>
        </test-method> <!-- setup -->
        <test-method signature="testValidLogin(java.lang.String,java.lang.String)[pri:0, instance:testcases.LoginTest@7ee8290b]" started-at="2025-04-19T15:53:58 IST" name="testValidLogin" data-provider="loginData" finished-at="2025-04-19T15:54:04 IST" duration-ms="6025" status="PASS">
          <params>
            <param index="0">
              <value>
                <![CDATA[performance_glitch_user]]>
              </value>
            </param>
            <param index="1">
              <value>
                <![CDATA[secret_sauce]]>
              </value>
            </param>
          </params>
          <reporter-output>
            <line>
              <![CDATA[✅ Login successful for user: performance_glitch_user]]>
            </line>
          </reporter-output>
        </test-method> <!-- testValidLogin -->
        <test-method is-config="true" signature="captureTestResult(org.testng.ITestResult)[pri:0, instance:testcases.LoginTest@7ee8290b]" started-at="2025-04-19T15:54:04 IST" name="captureTestResult" finished-at="2025-04-19T15:54:04 IST" duration-ms="6" status="PASS">
          <params>
            <param index="0">
              <value>
                <![CDATA[[TestResult name=testValidLogin status=SUCCESS method=LoginTest.testValidLogin(java.lang.String,java.lang.String)[pri:0, instance:testcases.LoginTest@7ee8290b] output=✅ Login successful for user: performance_glitch_user]]]>
              </value>
            </param>
          </params>
          <reporter-output>
            <line>
              <![CDATA[✅ TEST PASSED: testValidLogin]]>
            </line>
          </reporter-output>
        </test-method> <!-- captureTestResult -->
        <test-method is-config="true" signature="tearDown()[pri:0, instance:testcases.LoginTest@7ee8290b]" started-at="2025-04-19T15:54:04 IST" name="tearDown" finished-at="2025-04-19T15:54:04 IST" duration-ms="553" status="PASS">
          <reporter-output>
          </reporter-output>
        </test-method> <!-- tearDown -->
        <test-method is-config="true" signature="setup()[pri:0, instance:testcases.LoginTest@7ee8290b]" started-at="2025-04-19T15:54:04 IST" name="setup" finished-at="2025-04-19T15:54:07 IST" duration-ms="2956" status="PASS">
          <reporter-output>
          </reporter-output>
        </test-method> <!-- setup -->
        <test-method signature="testValidLogin(java.lang.String,java.lang.String)[pri:0, instance:testcases.LoginTest@7ee8290b]" started-at="2025-04-19T15:54:07 IST" name="testValidLogin" data-provider="loginData" finished-at="2025-04-19T15:54:08 IST" duration-ms="749" status="PASS">
          <params>
            <param index="0">
              <value>
                <![CDATA[error_user]]>
              </value>
            </param>
            <param index="1">
              <value>
                <![CDATA[secret_sauce]]>
              </value>
            </param>
          </params>
          <reporter-output>
            <line>
              <![CDATA[✅ Login successful for user: error_user]]>
            </line>
          </reporter-output>
        </test-method> <!-- testValidLogin -->
        <test-method is-config="true" signature="captureTestResult(org.testng.ITestResult)[pri:0, instance:testcases.LoginTest@7ee8290b]" started-at="2025-04-19T15:54:08 IST" name="captureTestResult" finished-at="2025-04-19T15:54:08 IST" duration-ms="3" status="PASS">
          <params>
            <param index="0">
              <value>
                <![CDATA[[TestResult name=testValidLogin status=SUCCESS method=LoginTest.testValidLogin(java.lang.String,java.lang.String)[pri:0, instance:testcases.LoginTest@7ee8290b] output=✅ Login successful for user: error_user]]]>
              </value>
            </param>
          </params>
          <reporter-output>
            <line>
              <![CDATA[✅ TEST PASSED: testValidLogin]]>
            </line>
          </reporter-output>
        </test-method> <!-- captureTestResult -->
        <test-method is-config="true" signature="tearDown()[pri:0, instance:testcases.LoginTest@7ee8290b]" started-at="2025-04-19T15:54:08 IST" name="tearDown" finished-at="2025-04-19T15:54:08 IST" duration-ms="305" status="PASS">
          <reporter-output>
          </reporter-output>
        </test-method> <!-- tearDown -->
        <test-method is-config="true" signature="setup()[pri:0, instance:testcases.LoginTest@7ee8290b]" started-at="2025-04-19T15:54:08 IST" name="setup" finished-at="2025-04-19T15:54:11 IST" duration-ms="3098" status="PASS">
          <reporter-output>
          </reporter-output>
        </test-method> <!-- setup -->
        <test-method signature="testValidLogin(java.lang.String,java.lang.String)[pri:0, instance:testcases.LoginTest@7ee8290b]" started-at="2025-04-19T15:54:11 IST" name="testValidLogin" data-provider="loginData" finished-at="2025-04-19T15:54:12 IST" duration-ms="824" status="PASS">
          <params>
            <param index="0">
              <value>
                <![CDATA[visual_user]]>
              </value>
            </param>
            <param index="1">
              <value>
                <![CDATA[secret_sauce]]>
              </value>
            </param>
          </params>
          <reporter-output>
            <line>
              <![CDATA[✅ Login successful for user: visual_user]]>
            </line>
          </reporter-output>
        </test-method> <!-- testValidLogin -->
        <test-method is-config="true" signature="captureTestResult(org.testng.ITestResult)[pri:0, instance:testcases.LoginTest@7ee8290b]" started-at="2025-04-19T15:54:12 IST" name="captureTestResult" finished-at="2025-04-19T15:54:12 IST" duration-ms="2" status="PASS">
          <params>
            <param index="0">
              <value>
                <![CDATA[[TestResult name=testValidLogin status=SUCCESS method=LoginTest.testValidLogin(java.lang.String,java.lang.String)[pri:0, instance:testcases.LoginTest@7ee8290b] output=✅ Login successful for user: visual_user]]]>
              </value>
            </param>
          </params>
          <reporter-output>
            <line>
              <![CDATA[✅ TEST PASSED: testValidLogin]]>
            </line>
          </reporter-output>
        </test-method> <!-- captureTestResult -->
        <test-method is-config="true" signature="tearDown()[pri:0, instance:testcases.LoginTest@7ee8290b]" started-at="2025-04-19T15:54:12 IST" name="tearDown" finished-at="2025-04-19T15:54:13 IST" duration-ms="810" status="PASS">
          <reporter-output>
          </reporter-output>
        </test-method> <!-- tearDown -->
      </class> <!-- testcases.LoginTest -->
    </test> <!-- Functional Tests -->
  </suite> <!-- E-Commerce Suite -->
</testng-results>
