<?xml version="1.0" encoding="UTF-8"?>
<testng-results ignored="0" total="9" passed="9" failed="0" skipped="0">
  <reporter-output>
    <line>
      <![CDATA[✅ Login successful for user: standard_user]]>
    </line>
    <line>
      <![CDATA[✅ TEST PASSED: testValidLogin]]>
    </line>
    <line>
      <![CDATA[✅ User is locked as expected: locked_out_user]]>
    </line>
    <line>
      <![CDATA[✅ TEST PASSED: testValidLogin]]>
    </line>
    <line>
      <![CDATA[✅ Login successful for user: problem_user]]>
    </line>
    <line>
      <![CDATA[✅ TEST PASSED: testValidLogin]]>
    </line>
    <line>
      <![CDATA[✅ Login successful for user: performance_glitch_user]]>
    </line>
    <line>
      <![CDATA[✅ TEST PASSED: testValidLogin]]>
    </line>
    <line>
      <![CDATA[✅ Login successful for user: error_user]]>
    </line>
    <line>
      <![CDATA[✅ TEST PASSED: testValidLogin]]>
    </line>
    <line>
      <![CDATA[✅ Login successful for user: visual_user]]>
    </line>
    <line>
      <![CDATA[✅ TEST PASSED: testValidLogin]]>
    </line>
    <line>
      <![CDATA[✅ Login successful for logout test]]>
    </line>
    <line>
      <![CDATA[✅ Logout successful]]>
    </line>
  </reporter-output>
  <suite started-at="2025-03-22T16:03:15 IST" name="E-Commerce Suite" finished-at="2025-03-22T16:04:02 IST" duration-ms="46786">
    <groups>
    </groups>
    <test started-at="2025-03-22T16:03:15 IST" name="Functional Tests" finished-at="2025-03-22T16:04:02 IST" duration-ms="46786">
      <class name="testcases.LogoutTest">
        <test-method is-config="true" signature="setup()[pri:0, instance:testcases.LogoutTest@77eca502]" started-at="2025-03-22T16:03:57 IST" name="setup" finished-at="2025-03-22T16:04:00 IST" duration-ms="2488" status="PASS">
          <reporter-output>
          </reporter-output>
        </test-method> <!-- setup -->
        <test-method signature="testLogout(java.lang.String,java.lang.String)[pri:0, instance:testcases.LogoutTest@77eca502]" started-at="2025-03-22T16:04:00 IST" name="testLogout" data-provider="loginData" finished-at="2025-03-22T16:04:01 IST" duration-ms="1727" status="PASS">
          <params>
            <param index="0">
              <value>
                <![CDATA[standard_user]]>
              </value>
            </param>
            <param index="1">
              <value>
                <![CDATA[secret_sauce]]>
              </value>
            </param>
          </params>
          <reporter-output>
            <line>
              <![CDATA[✅ Login successful for logout test]]>
            </line>
            <line>
              <![CDATA[✅ Logout successful]]>
            </line>
          </reporter-output>
        </test-method> <!-- testLogout -->
        <test-method is-config="true" signature="tearDown()[pri:0, instance:testcases.LogoutTest@77eca502]" started-at="2025-03-22T16:04:01 IST" name="tearDown" finished-at="2025-03-22T16:04:02 IST" duration-ms="360" status="PASS">
          <reporter-output>
          </reporter-output>
        </test-method> <!-- tearDown -->
      </class> <!-- testcases.LogoutTest -->
      <class name="testcases.CheckoutTest">
        <test-method is-config="true" signature="setUp()[pri:0, instance:testcases.CheckoutTest@3972a855]" started-at="2025-03-22T16:03:52 IST" name="setUp" finished-at="2025-03-22T16:03:55 IST" duration-ms="2422" status="PASS">
          <reporter-output>
          </reporter-output>
        </test-method> <!-- setUp -->
        <test-method signature="testCheckoutWithHardcodedCredentials()[pri:0, instance:testcases.CheckoutTest@3972a855]" started-at="2025-03-22T16:03:55 IST" name="testCheckoutWithHardcodedCredentials" finished-at="2025-03-22T16:03:57 IST" duration-ms="1968" status="PASS">
          <reporter-output>
          </reporter-output>
        </test-method> <!-- testCheckoutWithHardcodedCredentials -->
        <test-method is-config="true" signature="tearDown()[pri:0, instance:testcases.CheckoutTest@3972a855]" started-at="2025-03-22T16:03:57 IST" name="tearDown" finished-at="2025-03-22T16:03:57 IST" duration-ms="500" status="PASS">
          <reporter-output>
          </reporter-output>
        </test-method> <!-- tearDown -->
      </class> <!-- testcases.CheckoutTest -->
      <class name="testcases.AddToCartTest">
        <test-method is-config="true" signature="setup()[pri:0, instance:testcases.AddToCartTest@13b13b5d]" started-at="2025-03-22T16:03:46 IST" name="setup" finished-at="2025-03-22T16:03:48 IST" duration-ms="2162" status="PASS">
          <reporter-output>
          </reporter-output>
        </test-method> <!-- setup -->
        <test-method signature="testAddToCart()[pri:0, instance:testcases.AddToCartTest@13b13b5d]" started-at="2025-03-22T16:03:48 IST" name="testAddToCart" finished-at="2025-03-22T16:03:52 IST" duration-ms="3459" status="PASS">
          <reporter-output>
          </reporter-output>
        </test-method> <!-- testAddToCart -->
        <test-method is-config="true" signature="tearDown()[pri:0, instance:testcases.AddToCartTest@13b13b5d]" started-at="2025-03-22T16:03:52 IST" name="tearDown" finished-at="2025-03-22T16:03:52 IST" duration-ms="400" status="PASS">
          <reporter-output>
          </reporter-output>
        </test-method> <!-- tearDown -->
      </class> <!-- testcases.AddToCartTest -->
      <class name="testcases.LoginTest">
        <test-method is-config="true" signature="setup()[pri:0, instance:testcases.LoginTest@4c39bec8]" started-at="2025-03-22T16:03:18 IST" name="setup" finished-at="2025-03-22T16:03:23 IST" duration-ms="5593" status="PASS">
          <reporter-output>
          </reporter-output>
        </test-method> <!-- setup -->
        <test-method signature="testValidLogin(java.lang.String,java.lang.String)[pri:0, instance:testcases.LoginTest@4c39bec8]" started-at="2025-03-22T16:03:23 IST" name="testValidLogin" data-provider="loginData" finished-at="2025-03-22T16:03:24 IST" duration-ms="788" status="PASS">
          <params>
            <param index="0">
              <value>
                <![CDATA[standard_user]]>
              </value>
            </param>
            <param index="1">
              <value>
                <![CDATA[secret_sauce]]>
              </value>
            </param>
          </params>
          <reporter-output>
            <line>
              <![CDATA[✅ Login successful for user: standard_user]]>
            </line>
          </reporter-output>
        </test-method> <!-- testValidLogin -->
        <test-method is-config="true" signature="captureTestResult(org.testng.ITestResult)[pri:0, instance:testcases.LoginTest@4c39bec8]" started-at="2025-03-22T16:03:24 IST" name="captureTestResult" finished-at="2025-03-22T16:03:24 IST" duration-ms="5" status="PASS">
          <params>
            <param index="0">
              <value>
                <![CDATA[[TestResult name=testValidLogin status=SUCCESS method=LoginTest.testValidLogin(java.lang.String,java.lang.String)[pri:0, instance:testcases.LoginTest@4c39bec8] output=✅ Login successful for user: standard_user]]]>
              </value>
            </param>
          </params>
          <reporter-output>
            <line>
              <![CDATA[✅ TEST PASSED: testValidLogin]]>
            </line>
          </reporter-output>
        </test-method> <!-- captureTestResult -->
        <test-method is-config="true" signature="tearDown()[pri:0, instance:testcases.LoginTest@4c39bec8]" started-at="2025-03-22T16:03:24 IST" name="tearDown" finished-at="2025-03-22T16:03:25 IST" duration-ms="386" status="PASS">
          <reporter-output>
          </reporter-output>
        </test-method> <!-- tearDown -->
        <test-method is-config="true" signature="setup()[pri:0, instance:testcases.LoginTest@4c39bec8]" started-at="2025-03-22T16:03:25 IST" name="setup" finished-at="2025-03-22T16:03:27 IST" duration-ms="2233" status="PASS">
          <reporter-output>
          </reporter-output>
        </test-method> <!-- setup -->
        <test-method signature="testValidLogin(java.lang.String,java.lang.String)[pri:0, instance:testcases.LoginTest@4c39bec8]" started-at="2025-03-22T16:03:27 IST" name="testValidLogin" data-provider="loginData" finished-at="2025-03-22T16:03:28 IST" duration-ms="828" status="PASS">
          <params>
            <param index="0">
              <value>
                <![CDATA[locked_out_user]]>
              </value>
            </param>
            <param index="1">
              <value>
                <![CDATA[secret_sauce]]>
              </value>
            </param>
          </params>
          <reporter-output>
            <line>
              <![CDATA[✅ User is locked as expected: locked_out_user]]>
            </line>
          </reporter-output>
        </test-method> <!-- testValidLogin -->
        <test-method is-config="true" signature="captureTestResult(org.testng.ITestResult)[pri:0, instance:testcases.LoginTest@4c39bec8]" started-at="2025-03-22T16:03:28 IST" name="captureTestResult" finished-at="2025-03-22T16:03:28 IST" duration-ms="8" status="PASS">
          <params>
            <param index="0">
              <value>
                <![CDATA[[TestResult name=testValidLogin status=SUCCESS method=LoginTest.testValidLogin(java.lang.String,java.lang.String)[pri:0, instance:testcases.LoginTest@4c39bec8] output=✅ User is locked as expected: locked_out_user]]]>
              </value>
            </param>
          </params>
          <reporter-output>
            <line>
              <![CDATA[✅ TEST PASSED: testValidLogin]]>
            </line>
          </reporter-output>
        </test-method> <!-- captureTestResult -->
        <test-method is-config="true" signature="tearDown()[pri:0, instance:testcases.LoginTest@4c39bec8]" started-at="2025-03-22T16:03:28 IST" name="tearDown" finished-at="2025-03-22T16:03:28 IST" duration-ms="293" status="PASS">
          <reporter-output>
          </reporter-output>
        </test-method> <!-- tearDown -->
        <test-method is-config="true" signature="setup()[pri:0, instance:testcases.LoginTest@4c39bec8]" started-at="2025-03-22T16:03:28 IST" name="setup" finished-at="2025-03-22T16:03:30 IST" duration-ms="2138" status="PASS">
          <reporter-output>
          </reporter-output>
        </test-method> <!-- setup -->
        <test-method signature="testValidLogin(java.lang.String,java.lang.String)[pri:0, instance:testcases.LoginTest@4c39bec8]" started-at="2025-03-22T16:03:30 IST" name="testValidLogin" data-provider="loginData" finished-at="2025-03-22T16:03:31 IST" duration-ms="796" status="PASS">
          <params>
            <param index="0">
              <value>
                <![CDATA[problem_user]]>
              </value>
            </param>
            <param index="1">
              <value>
                <![CDATA[secret_sauce]]>
              </value>
            </param>
          </params>
          <reporter-output>
            <line>
              <![CDATA[✅ Login successful for user: problem_user]]>
            </line>
          </reporter-output>
        </test-method> <!-- testValidLogin -->
        <test-method is-config="true" signature="captureTestResult(org.testng.ITestResult)[pri:0, instance:testcases.LoginTest@4c39bec8]" started-at="2025-03-22T16:03:31 IST" name="captureTestResult" finished-at="2025-03-22T16:03:31 IST" duration-ms="2" status="PASS">
          <params>
            <param index="0">
              <value>
                <![CDATA[[TestResult name=testValidLogin status=SUCCESS method=LoginTest.testValidLogin(java.lang.String,java.lang.String)[pri:0, instance:testcases.LoginTest@4c39bec8] output=✅ Login successful for user: problem_user]]]>
              </value>
            </param>
          </params>
          <reporter-output>
            <line>
              <![CDATA[✅ TEST PASSED: testValidLogin]]>
            </line>
          </reporter-output>
        </test-method> <!-- captureTestResult -->
        <test-method is-config="true" signature="tearDown()[pri:0, instance:testcases.LoginTest@4c39bec8]" started-at="2025-03-22T16:03:31 IST" name="tearDown" finished-at="2025-03-22T16:03:31 IST" duration-ms="296" status="PASS">
          <reporter-output>
          </reporter-output>
        </test-method> <!-- tearDown -->
        <test-method is-config="true" signature="setup()[pri:0, instance:testcases.LoginTest@4c39bec8]" started-at="2025-03-22T16:03:31 IST" name="setup" finished-at="2025-03-22T16:03:33 IST" duration-ms="2083" status="PASS">
          <reporter-output>
          </reporter-output>
        </test-method> <!-- setup -->
        <test-method signature="testValidLogin(java.lang.String,java.lang.String)[pri:0, instance:testcases.LoginTest@4c39bec8]" started-at="2025-03-22T16:03:33 IST" name="testValidLogin" data-provider="loginData" finished-at="2025-03-22T16:03:39 IST" duration-ms="5881" status="PASS">
          <params>
            <param index="0">
              <value>
                <![CDATA[performance_glitch_user]]>
              </value>
            </param>
            <param index="1">
              <value>
                <![CDATA[secret_sauce]]>
              </value>
            </param>
          </params>
          <reporter-output>
            <line>
              <![CDATA[✅ Login successful for user: performance_glitch_user]]>
            </line>
          </reporter-output>
        </test-method> <!-- testValidLogin -->
        <test-method is-config="true" signature="captureTestResult(org.testng.ITestResult)[pri:0, instance:testcases.LoginTest@4c39bec8]" started-at="2025-03-22T16:03:39 IST" name="captureTestResult" finished-at="2025-03-22T16:03:39 IST" duration-ms="2" status="PASS">
          <params>
            <param index="0">
              <value>
                <![CDATA[[TestResult name=testValidLogin status=SUCCESS method=LoginTest.testValidLogin(java.lang.String,java.lang.String)[pri:0, instance:testcases.LoginTest@4c39bec8] output=✅ Login successful for user: performance_glitch_user]]]>
              </value>
            </param>
          </params>
          <reporter-output>
            <line>
              <![CDATA[✅ TEST PASSED: testValidLogin]]>
            </line>
          </reporter-output>
        </test-method> <!-- captureTestResult -->
        <test-method is-config="true" signature="tearDown()[pri:0, instance:testcases.LoginTest@4c39bec8]" started-at="2025-03-22T16:03:39 IST" name="tearDown" finished-at="2025-03-22T16:03:39 IST" duration-ms="289" status="PASS">
          <reporter-output>
          </reporter-output>
        </test-method> <!-- tearDown -->
        <test-method is-config="true" signature="setup()[pri:0, instance:testcases.LoginTest@4c39bec8]" started-at="2025-03-22T16:03:39 IST" name="setup" finished-at="2025-03-22T16:03:42 IST" duration-ms="2307" status="PASS">
          <reporter-output>
          </reporter-output>
        </test-method> <!-- setup -->
        <test-method signature="testValidLogin(java.lang.String,java.lang.String)[pri:0, instance:testcases.LoginTest@4c39bec8]" started-at="2025-03-22T16:03:42 IST" name="testValidLogin" data-provider="loginData" finished-at="2025-03-22T16:03:42 IST" duration-ms="708" status="PASS">
          <params>
            <param index="0">
              <value>
                <![CDATA[error_user]]>
              </value>
            </param>
            <param index="1">
              <value>
                <![CDATA[secret_sauce]]>
              </value>
            </param>
          </params>
          <reporter-output>
            <line>
              <![CDATA[✅ Login successful for user: error_user]]>
            </line>
          </reporter-output>
        </test-method> <!-- testValidLogin -->
        <test-method is-config="true" signature="captureTestResult(org.testng.ITestResult)[pri:0, instance:testcases.LoginTest@4c39bec8]" started-at="2025-03-22T16:03:42 IST" name="captureTestResult" finished-at="2025-03-22T16:03:42 IST" duration-ms="4" status="PASS">
          <params>
            <param index="0">
              <value>
                <![CDATA[[TestResult name=testValidLogin status=SUCCESS method=LoginTest.testValidLogin(java.lang.String,java.lang.String)[pri:0, instance:testcases.LoginTest@4c39bec8] output=✅ Login successful for user: error_user]]]>
              </value>
            </param>
          </params>
          <reporter-output>
            <line>
              <![CDATA[✅ TEST PASSED: testValidLogin]]>
            </line>
          </reporter-output>
        </test-method> <!-- captureTestResult -->
        <test-method is-config="true" signature="tearDown()[pri:0, instance:testcases.LoginTest@4c39bec8]" started-at="2025-03-22T16:03:42 IST" name="tearDown" finished-at="2025-03-22T16:03:43 IST" duration-ms="400" status="PASS">
          <reporter-output>
          </reporter-output>
        </test-method> <!-- tearDown -->
        <test-method is-config="true" signature="setup()[pri:0, instance:testcases.LoginTest@4c39bec8]" started-at="2025-03-22T16:03:43 IST" name="setup" finished-at="2025-03-22T16:03:45 IST" duration-ms="2238" status="PASS">
          <reporter-output>
          </reporter-output>
        </test-method> <!-- setup -->
        <test-method signature="testValidLogin(java.lang.String,java.lang.String)[pri:0, instance:testcases.LoginTest@4c39bec8]" started-at="2025-03-22T16:03:45 IST" name="testValidLogin" data-provider="loginData" finished-at="2025-03-22T16:03:46 IST" duration-ms="761" status="PASS">
          <params>
            <param index="0">
              <value>
                <![CDATA[visual_user]]>
              </value>
            </param>
            <param index="1">
              <value>
                <![CDATA[secret_sauce]]>
              </value>
            </param>
          </params>
          <reporter-output>
            <line>
              <![CDATA[✅ Login successful for user: visual_user]]>
            </line>
          </reporter-output>
        </test-method> <!-- testValidLogin -->
        <test-method is-config="true" signature="captureTestResult(org.testng.ITestResult)[pri:0, instance:testcases.LoginTest@4c39bec8]" started-at="2025-03-22T16:03:46 IST" name="captureTestResult" finished-at="2025-03-22T16:03:46 IST" duration-ms="0" status="PASS">
          <params>
            <param index="0">
              <value>
                <![CDATA[[TestResult name=testValidLogin status=SUCCESS method=LoginTest.testValidLogin(java.lang.String,java.lang.String)[pri:0, instance:testcases.LoginTest@4c39bec8] output=✅ Login successful for user: visual_user]]]>
              </value>
            </param>
          </params>
          <reporter-output>
            <line>
              <![CDATA[✅ TEST PASSED: testValidLogin]]>
            </line>
          </reporter-output>
        </test-method> <!-- captureTestResult -->
        <test-method is-config="true" signature="tearDown()[pri:0, instance:testcases.LoginTest@4c39bec8]" started-at="2025-03-22T16:03:46 IST" name="tearDown" finished-at="2025-03-22T16:03:46 IST" duration-ms="324" status="PASS">
          <reporter-output>
          </reporter-output>
        </test-method> <!-- tearDown -->
      </class> <!-- testcases.LoginTest -->
    </test> <!-- Functional Tests -->
  </suite> <!-- E-Commerce Suite -->
</testng-results>
